<?xml version="1.0" encoding="UTF-8"?>
<!-- Generated by org.testng.reporters.JUnitXMLReporter -->
<testsuite hostname="LTIN182337" ignored="0" name="Test" tests="2" failures="2" timestamp="2021-05-25T16:42:24 IST" time="0.094" errors="0">
  <testcase name="Hdfc_Contact_Us" time="0.015" classname="Test.Contact_Us_Test">
    <failure type="java.lang.NullPointerException">
      <![CDATA[java.lang.NullPointerException
at Pages.Contact_Us.closepopup(Contact_Us.java:150)
at Test.Contact_Us_Test.Hdfc_Contact_Us(Contact_Us_Test.java:34)
at java.util.ArrayList.forEach(Unknown Source)
... Removed 27 stack frames]]>
    </failure>
  </testcase> <!-- Hdfc_Contact_Us -->
  <testcase name="Hdfc_Write_to_Us" time="0.002" classname="Test.Contact_Us_Test">
    <failure type="java.lang.NullPointerException">
      <![CDATA[java.lang.NullPointerException
at Pages.Contact_Us.closepopup(Contact_Us.java:150)
at Test.Contact_Us_Test.Hdfc_Write_to_Us(Contact_Us_Test.java:53)
at java.util.ArrayList.forEach(Unknown Source)
... Removed 27 stack frames]]>
    </failure>
  </testcase> <!-- Hdfc_Write_to_Us -->
</testsuite> <!-- Test -->
