<?xml version="1.0" encoding="UTF-8"?>
<!-- Generated by org.testng.reporters.JUnitXMLReporter -->
<testsuite hostname="LTIN182337" ignored="0" name="Test" tests="3" failures="3" timestamp="2021-05-15T18:22:32 IST" time="61.432" errors="0">
  <testcase name="Scenario_1" time="0.01" classname="Test.Home_Page_Test">
    <failure type="java.lang.NullPointerException">
      <![CDATA[java.lang.NullPointerException
at Pages.Home_Page.closepopup(Home_Page.java:54)
at Test.Home_Page_Test.Scenario_1(Home_Page_Test.java:39)
at java.util.ArrayList.forEach(Unknown Source)
... Removed 27 stack frames]]>
    </failure>
  </testcase> <!-- Scenario_1 -->
  <testcase name="Scenario_2" time="0.003" classname="Test.Home_Page_Test">
    <failure type="java.lang.NullPointerException">
      <![CDATA[java.lang.NullPointerException
at Pages.Home_Page.clickonimage(Home_Page.java:85)
at Test.Home_Page_Test.Scenario_2(Home_Page_Test.java:56)
at java.util.ArrayList.forEach(Unknown Source)
... Removed 27 stack frames]]>
    </failure>
  </testcase> <!-- Scenario_2 -->
  <testcase name="Scenario_3" time="0.002" classname="Test.Home_Page_Test">
    <failure type="java.lang.NullPointerException">
      <![CDATA[java.lang.NullPointerException
at Pages.Home_Page.depositepage(Home_Page.java:91)
at Test.Home_Page_Test.Scenario_3(Home_Page_Test.java:67)
at java.util.ArrayList.forEach(Unknown Source)
... Removed 27 stack frames]]>
    </failure>
  </testcase> <!-- Scenario_3 -->
</testsuite> <!-- Test -->
